Copyright 1986-2017 Xilinx, Inc. All Rights Reserved.
-------------------------------------------------------------------------------------------
| Tool Version : Vivado v.2017.4 (win64) Build 2086221 Fri Dec 15 20:55:39 MST 2017
| Date         : Mon Jan 28 19:27:57 2019
| Host         : DESKTOP-5JTOT08 running 64-bit major release  (build 9200)
| Command      : report_control_sets -verbose -file hw_acc_wrapper_control_sets_placed.rpt
| Design       : hw_acc_wrapper
| Device       : xc7z020
-------------------------------------------------------------------------------------------

Control Set Information

Table of Contents
-----------------
1. Summary
2. Flip-Flop Distribution
3. Detailed Control Set Information

1. Summary
----------

+----------------------------------------------------------+-------+
|                          Status                          | Count |
+----------------------------------------------------------+-------+
| Number of unique control sets                            |   101 |
| Unused register locations in slices containing registers |   162 |
+----------------------------------------------------------+-------+


2. Flip-Flop Distribution
-------------------------

+--------------+-----------------------+------------------------+-----------------+--------------+
| Clock Enable | Synchronous Set/Reset | Asynchronous Set/Reset | Total Registers | Total Slices |
+--------------+-----------------------+------------------------+-----------------+--------------+
| No           | No                    | No                     |             158 |           55 |
| No           | No                    | Yes                    |               0 |            0 |
| No           | Yes                   | No                     |             696 |          202 |
| Yes          | No                    | No                     |            3588 |          942 |
| Yes          | No                    | Yes                    |               0 |            0 |
| Yes          | Yes                   | No                     |             636 |          173 |
+--------------+-----------------------+------------------------+-----------------+--------------+


3. Detailed Control Set Information
-----------------------------------

+-----------------------------------------------+--------------------------------------------------------------------------------------------------------------------------------------------------------------+----------------------------------------------------------------------------------------------------------------------------------------+------------------+----------------+
|                  Clock Signal                 |                                                                         Enable Signal                                                                        |                                                            Set/Reset Signal                                                            | Slice Load Count | Bel Load Count |
+-----------------------------------------------+--------------------------------------------------------------------------------------------------------------------------------------------------------------+----------------------------------------------------------------------------------------------------------------------------------------+------------------+----------------+
|  hw_acc_i/processing_system7_0/inst/FCLK_CLK0 | hw_acc_i/scalar_sha256/inst/sha256_AXILiteS_s_axi_U/data_ce0                                                                                                 |                                                                                                                                        |                1 |              2 |
|  hw_acc_i/processing_system7_0/inst/FCLK_CLK0 | hw_acc_i/ps7_0_axi_periph/s00_couplers/auto_pc/inst/gen_axilite.gen_b2s_conv.axilite_b2s/WR.b_channel_0/bid_fifo_0/bresp_push                                |                                                                                                                                        |                1 |              2 |
|  hw_acc_i/processing_system7_0/inst/FCLK_CLK0 | hw_acc_i/scalar_sha256/inst/grp_sha256_update_fu_279/seg_offset_fu_1420                                                                                      | hw_acc_i/scalar_sha256/inst/sha256_AXILiteS_s_axi_U/seg_offset_fu_142                                                                  |                1 |              2 |
|  hw_acc_i/processing_system7_0/inst/FCLK_CLK0 | hw_acc_i/axi_intc_0/U0/AXI_LITE_IPIF_I/I_SLAVE_ATTACHMENT/s_axi_rdata_i[31]_i_1_n_0                                                                          | hw_acc_i/axi_intc_0/U0/AXI_LITE_IPIF_I/I_SLAVE_ATTACHMENT/rst                                                                          |                2 |              4 |
|  hw_acc_i/processing_system7_0/inst/FCLK_CLK0 | hw_acc_i/ps7_0_axi_periph/s00_couplers/auto_pc/inst/gen_axilite.gen_b2s_conv.axilite_b2s/WR.aw_channel_0/aw_cmd_fsm_0/E[0]                                   | hw_acc_i/ps7_0_axi_periph/s00_couplers/auto_pc/inst/gen_axilite.gen_b2s_conv.axilite_b2s/WR.aw_channel_0/aw_cmd_fsm_0/axlen_cnt_reg[7] |                2 |              4 |
|  hw_acc_i/processing_system7_0/inst/FCLK_CLK0 |                                                                                                                                                              | hw_acc_i/axi_intc_0/U0/AXI_LITE_IPIF_I/I_SLAVE_ATTACHMENT/clear                                                                        |                1 |              4 |
|  hw_acc_i/processing_system7_0/inst/FCLK_CLK0 | hw_acc_i/ps7_0_axi_periph/s00_couplers/auto_pc/inst/gen_axilite.gen_b2s_conv.axilite_b2s/RD.ar_channel_0/ar_cmd_fsm_0/axlen_cnt_reg[4][0]                    | hw_acc_i/ps7_0_axi_periph/s00_couplers/auto_pc/inst/gen_axilite.gen_b2s_conv.axilite_b2s/RD.ar_channel_0/ar_cmd_fsm_0/axlen_cnt_reg[7] |                1 |              4 |
|  hw_acc_i/processing_system7_0/inst/FCLK_CLK0 |                                                                                                                                                              | hw_acc_i/ps7_0_axi_periph/s00_couplers/auto_pc/inst/gen_axilite.gen_b2s_conv.axilite_b2s/SI_REG/ar.ar_pipe/m_valid_i_reg_0             |                3 |              4 |
|  hw_acc_i/processing_system7_0/inst/FCLK_CLK0 |                                                                                                                                                              | hw_acc_i/ps7_0_axi_periph/s00_couplers/auto_pc/inst/gen_axilite.gen_b2s_conv.axilite_b2s/SI_REG/aw.aw_pipe/s_ready_i_reg_0             |                3 |              4 |
|  hw_acc_i/processing_system7_0/inst/FCLK_CLK0 | hw_acc_i/scalar_sha256/inst/grp_sha256_final_fu_260/grp_sha256_transform_fu_494/ap_CS_fsm_state2                                                             |                                                                                                                                        |                1 |              5 |
|  hw_acc_i/processing_system7_0/inst/FCLK_CLK0 |                                                                                                                                                              | hw_acc_i/rst_ps7_0_100M/U0/EXT_LPF/lpf_int                                                                                             |                2 |              5 |
|  hw_acc_i/processing_system7_0/inst/FCLK_CLK0 | hw_acc_i/scalar_sha256/inst/tmp_114_reg_946_reg0                                                                                                             |                                                                                                                                        |                1 |              5 |
|  hw_acc_i/processing_system7_0/inst/FCLK_CLK0 | hw_acc_i/scalar_sha256/inst/grp_sha256_update_fu_279/grp_sha256_transform_fu_208/ap_CS_fsm_state2                                                            |                                                                                                                                        |                1 |              5 |
|  hw_acc_i/processing_system7_0/inst/FCLK_CLK0 | hw_acc_i/scalar_sha256/inst/ap_CS_fsm_state9                                                                                                                 |                                                                                                                                        |                1 |              6 |
|  hw_acc_i/processing_system7_0/inst/FCLK_CLK0 | hw_acc_i/scalar_sha256/inst/ap_CS_fsm_state10                                                                                                                | hw_acc_i/scalar_sha256/inst/grp_sha256_final_fu_260/SR[0]                                                                              |                2 |              6 |
|  hw_acc_i/processing_system7_0/inst/FCLK_CLK0 | hw_acc_i/scalar_sha256/inst/ap_CS_fsm_state7                                                                                                                 | hw_acc_i/scalar_sha256/inst/ap_NS_fsm111_out                                                                                           |                3 |              6 |
|  hw_acc_i/processing_system7_0/inst/FCLK_CLK0 | hw_acc_i/rst_ps7_0_100M/U0/SEQ/seq_cnt_en                                                                                                                    | hw_acc_i/rst_ps7_0_100M/U0/SEQ/SEQ_COUNTER/clear                                                                                       |                1 |              6 |
|  hw_acc_i/processing_system7_0/inst/FCLK_CLK0 | hw_acc_i/scalar_sha256/inst/ap_CS_fsm_state6                                                                                                                 |                                                                                                                                        |                2 |              6 |
|  hw_acc_i/processing_system7_0/inst/FCLK_CLK0 | hw_acc_i/scalar_sha256/inst/grp_sha256_final_fu_260/i_2_reg_3820                                                                                             | hw_acc_i/scalar_sha256/inst/grp_sha256_final_fu_260/grp_sha256_transform_fu_494/SR[0]                                                  |                2 |              6 |
|  hw_acc_i/processing_system7_0/inst/FCLK_CLK0 | hw_acc_i/scalar_sha256/inst/grp_sha256_final_fu_260/ap_CS_fsm_state11                                                                                        |                                                                                                                                        |                2 |              6 |
|  hw_acc_i/processing_system7_0/inst/FCLK_CLK0 | hw_acc_i/scalar_sha256/inst/ap_CS_fsm_state4                                                                                                                 | hw_acc_i/scalar_sha256/inst/ap_NS_fsm110_out                                                                                           |                1 |              7 |
|  hw_acc_i/processing_system7_0/inst/FCLK_CLK0 | hw_acc_i/scalar_sha256/inst/ap_CS_fsm_state3                                                                                                                 |                                                                                                                                        |                2 |              7 |
|  hw_acc_i/processing_system7_0/inst/FCLK_CLK0 | hw_acc_i/scalar_sha256/inst/grp_sha256_update_fu_279/grp_sha256_transform_fu_208/E[0]                                                                        | hw_acc_i/scalar_sha256/inst/grp_sha256_update_fu_279/grp_sha256_transform_fu_208/SR[0]                                                 |                3 |              7 |
|  hw_acc_i/processing_system7_0/inst/FCLK_CLK0 | hw_acc_i/scalar_sha256/inst/grp_sha256_update_fu_279/grp_sha256_transform_fu_208/ap_CS_fsm_state9                                                            |                                                                                                                                        |                3 |              7 |
|  hw_acc_i/processing_system7_0/inst/FCLK_CLK0 | hw_acc_i/scalar_sha256/inst/grp_sha256_final_fu_260/grp_sha256_transform_fu_494/ap_CS_fsm_state9                                                             |                                                                                                                                        |                2 |              7 |
|  hw_acc_i/processing_system7_0/inst/FCLK_CLK0 | hw_acc_i/scalar_sha256/inst/grp_sha256_final_fu_260/grp_sha256_transform_fu_494/ap_CS_fsm_state11                                                            | hw_acc_i/scalar_sha256/inst/grp_sha256_final_fu_260/grp_sha256_transform_fu_494/ap_NS_fsm1                                             |                2 |              7 |
|  hw_acc_i/processing_system7_0/inst/FCLK_CLK0 | hw_acc_i/scalar_sha256/inst/grp_sha256_update_fu_279/grp_sha256_transform_fu_208/m_we1                                                                       | hw_acc_i/scalar_sha256/inst/grp_sha256_update_fu_279/grp_sha256_transform_fu_208/ap_NS_fsm10_out                                       |                3 |              7 |
|  hw_acc_i/processing_system7_0/inst/FCLK_CLK0 | hw_acc_i/scalar_sha256/inst/grp_sha256_final_fu_260/grp_sha256_transform_fu_494/m_we1                                                                        | hw_acc_i/scalar_sha256/inst/grp_sha256_final_fu_260/grp_sha256_transform_fu_494/ap_NS_fsm10_out                                        |                3 |              7 |
|  hw_acc_i/processing_system7_0/inst/FCLK_CLK0 | hw_acc_i/scalar_sha256/inst/grp_sha256_update_fu_279/grp_sha256_transform_fu_208/ap_CS_fsm_state11                                                           | hw_acc_i/scalar_sha256/inst/grp_sha256_update_fu_279/grp_sha256_transform_fu_208/ap_NS_fsm1                                            |                3 |              7 |
|  hw_acc_i/processing_system7_0/inst/FCLK_CLK0 | hw_acc_i/scalar_sha256/inst/grp_sha256_update_fu_279/ap_NS_fsm15_out                                                                                         | hw_acc_i/scalar_sha256/inst/grp_sha256_update_fu_279/tmp_7_reg_623[7]_i_1_n_9                                                          |                1 |              7 |
|  hw_acc_i/processing_system7_0/inst/FCLK_CLK0 | hw_acc_i/scalar_sha256/inst/grp_sha256_update_fu_279/ap_CS_fsm_reg[4]_0[0]                                                                                   |                                                                                                                                        |                2 |              7 |
|  hw_acc_i/processing_system7_0/inst/FCLK_CLK0 |                                                                                                                                                              | hw_acc_i/axi_intc_0/U0/AXI_LITE_IPIF_I/I_SLAVE_ATTACHMENT/rst                                                                          |                5 |              8 |
|  hw_acc_i/processing_system7_0/inst/FCLK_CLK0 |                                                                                                                                                              | hw_acc_i/axi_intc_0/U0/INTC_CORE_I/p_0_in                                                                                              |                3 |              8 |
|  hw_acc_i/processing_system7_0/inst/FCLK_CLK0 | hw_acc_i/ps7_0_axi_periph/s00_couplers/auto_pc/inst/gen_axilite.gen_b2s_conv.axilite_b2s/WR.b_channel_0/mhandshake_r                                         | hw_acc_i/ps7_0_axi_periph/s00_couplers/auto_pc/inst/gen_axilite.gen_b2s_conv.axilite_b2s/WR.b_channel_0/bid_fifo_0/SR[0]               |                3 |              8 |
|  hw_acc_i/processing_system7_0/inst/FCLK_CLK0 | hw_acc_i/scalar_sha256/inst/sha256_AXILiteS_s_axi_U/tmp_reg_831_reg[0][0]                                                                                    |                                                                                                                                        |                2 |              8 |
|  hw_acc_i/processing_system7_0/inst/FCLK_CLK0 | hw_acc_i/scalar_sha256/inst/grp_sha256_final_fu_260/grp_sha256_transform_fu_494/j_1_reg_1146[5]_i_1_n_9                                                      |                                                                                                                                        |                2 |              8 |
|  hw_acc_i/processing_system7_0/inst/FCLK_CLK0 | hw_acc_i/scalar_sha256/inst/grp_sha256_update_fu_279/grp_sha256_transform_fu_208/j_1_reg_1146[5]_i_1__0_n_9                                                  |                                                                                                                                        |                3 |              8 |
|  hw_acc_i/processing_system7_0/inst/FCLK_CLK0 | hw_acc_i/axi_intc_0/U0/AXI_LITE_IPIF_I/I_SLAVE_ATTACHMENT/bus2ip_addr_i[8]_i_1_n_0                                                                           | hw_acc_i/axi_intc_0/U0/AXI_LITE_IPIF_I/I_SLAVE_ATTACHMENT/rst                                                                          |                2 |              8 |
|  hw_acc_i/processing_system7_0/inst/FCLK_CLK0 | hw_acc_i/scalar_sha256/inst/grp_sha256_update_fu_279/grp_sha256_transform_fu_208/ap_CS_fsm_state4                                                            | hw_acc_i/scalar_sha256/inst/grp_sha256_update_fu_279/grp_sha256_transform_fu_208/i_reg_299[4]_i_1__0_n_9                               |                3 |              9 |
|  hw_acc_i/processing_system7_0/inst/FCLK_CLK0 | hw_acc_i/scalar_sha256/inst/grp_sha256_final_fu_260/grp_sha256_transform_fu_494/ap_CS_fsm_state4                                                             | hw_acc_i/scalar_sha256/inst/grp_sha256_final_fu_260/grp_sha256_transform_fu_494/i_reg_299[4]_i_1_n_9                                   |                3 |              9 |
|  hw_acc_i/processing_system7_0/inst/FCLK_CLK0 | hw_acc_i/scalar_sha256/inst/sha256_AXILiteS_s_axi_U/aw_hs                                                                                                    |                                                                                                                                        |                2 |             10 |
|  hw_acc_i/processing_system7_0/inst/FCLK_CLK0 |                                                                                                                                                              | hw_acc_i/ps7_0_axi_periph/xbar/inst/gen_sasd.crossbar_sasd_0/addr_arbiter_inst/SR[0]                                                   |                6 |             11 |
|  hw_acc_i/processing_system7_0/inst/FCLK_CLK0 | hw_acc_i/ps7_0_axi_periph/s00_couplers/auto_pc/inst/gen_axilite.gen_b2s_conv.axilite_b2s/WR.aw_channel_0/aw_cmd_fsm_0/wrap_boundary_axaddr_r_reg[0][0]       |                                                                                                                                        |                8 |             12 |
|  hw_acc_i/processing_system7_0/inst/FCLK_CLK0 | hw_acc_i/ps7_0_axi_periph/s00_couplers/auto_pc/inst/gen_axilite.gen_b2s_conv.axilite_b2s/WR.aw_channel_0/cmd_translator_0/incr_cmd_0/axaddr_incr[11]_i_1_n_0 |                                                                                                                                        |                2 |             12 |
|  hw_acc_i/processing_system7_0/inst/FCLK_CLK0 | hw_acc_i/ps7_0_axi_periph/s00_couplers/auto_pc/inst/gen_axilite.gen_b2s_conv.axilite_b2s/RD.ar_channel_0/ar_cmd_fsm_0/E[0]                                   |                                                                                                                                        |                4 |             12 |
|  hw_acc_i/processing_system7_0/inst/FCLK_CLK0 | hw_acc_i/ps7_0_axi_periph/s00_couplers/auto_pc/inst/gen_axilite.gen_b2s_conv.axilite_b2s/RD.ar_channel_0/ar_cmd_fsm_0/axaddr_incr_reg[0][0]                  |                                                                                                                                        |                2 |             12 |
|  hw_acc_i/processing_system7_0/inst/FCLK_CLK0 | hw_acc_i/ps7_0_axi_periph/s00_couplers/auto_pc/inst/gen_axilite.gen_b2s_conv.axilite_b2s/RD.r_channel_0/r_push_r                                             |                                                                                                                                        |                4 |             13 |
|  hw_acc_i/processing_system7_0/inst/FCLK_CLK0 | hw_acc_i/ps7_0_axi_periph/s00_couplers/auto_pc/inst/gen_axilite.gen_b2s_conv.axilite_b2s/SI_REG/b.b_pipe/skid_buffer_reg[0]_0                                |                                                                                                                                        |                2 |             14 |
|  hw_acc_i/processing_system7_0/inst/FCLK_CLK0 | hw_acc_i/ps7_0_axi_periph/s00_couplers/auto_pc/inst/gen_axilite.gen_b2s_conv.axilite_b2s/SI_REG/b.b_pipe/p_1_in                                              |                                                                                                                                        |                2 |             14 |
|  hw_acc_i/processing_system7_0/inst/FCLK_CLK0 | hw_acc_i/scalar_sha256/inst/grp_sha256_final_fu_260/grp_sha256_transform_fu_494/grp_sha256_transform_fu_494_data_address0[1]                                 |                                                                                                                                        |                4 |             16 |
|  hw_acc_i/processing_system7_0/inst/FCLK_CLK0 | hw_acc_i/ps7_0_axi_periph/s00_couplers/auto_pc/inst/gen_axilite.gen_b2s_conv.axilite_b2s/WR.aw_channel_0/aw_cmd_fsm_0/b_push                                 |                                                                                                                                        |                3 |             16 |
|  hw_acc_i/processing_system7_0/inst/FCLK_CLK0 | hw_acc_i/scalar_sha256/inst/grp_sha256_update_fu_279/grp_sha256_transform_fu_208/data_load_1_reg_1156_reg[7]_0[0]                                            |                                                                                                                                        |                3 |             16 |
|  hw_acc_i/processing_system7_0/inst/FCLK_CLK0 | hw_acc_i/axi_intc_0/U0/AXI_LITE_IPIF_I/I_SLAVE_ATTACHMENT/start2                                                                                             | hw_acc_i/axi_intc_0/U0/AXI_LITE_IPIF_I/I_SLAVE_ATTACHMENT/I_DECODER/GEN_BKEND_CE_REGISTERS[16].ce_out_i[16]_i_1_n_0                    |                4 |             17 |
|  hw_acc_i/processing_system7_0/inst/FCLK_CLK0 | hw_acc_i/ps7_0_axi_periph/s00_couplers/auto_pc/inst/gen_axilite.gen_b2s_conv.axilite_b2s/WR.aw_channel_0/aw_cmd_fsm_0/E[0]                                   |                                                                                                                                        |               10 |             21 |
|  hw_acc_i/processing_system7_0/inst/FCLK_CLK0 | hw_acc_i/ps7_0_axi_periph/s00_couplers/auto_pc/inst/gen_axilite.gen_b2s_conv.axilite_b2s/RD.ar_channel_0/ar_cmd_fsm_0/axlen_cnt_reg[4][0]                    |                                                                                                                                        |                9 |             21 |
|  hw_acc_i/processing_system7_0/inst/FCLK_CLK0 | hw_acc_i/ps7_0_axi_periph/xbar/inst/gen_sasd.crossbar_sasd_0/addr_arbiter_inst/p_0_in1_in                                                                    | hw_acc_i/ps7_0_axi_periph/xbar/inst/gen_sasd.crossbar_sasd_0/addr_arbiter_inst/SR[0]                                                   |               10 |             26 |
|  hw_acc_i/processing_system7_0/inst/FCLK_CLK0 | hw_acc_i/scalar_sha256/inst/sha256_AXILiteS_s_axi_U/rdata[31]_i_1_n_9                                                                                        |                                                                                                                                        |               11 |             32 |
|  hw_acc_i/processing_system7_0/inst/FCLK_CLK0 | hw_acc_i/scalar_sha256/inst/grp_sha256_final_fu_260/grp_sha256_transform_fu_494/ap_CS_fsm_state6                                                             |                                                                                                                                        |                5 |             32 |
|  hw_acc_i/processing_system7_0/inst/FCLK_CLK0 | hw_acc_i/scalar_sha256/inst/sha256_AXILiteS_s_axi_U/int_base_offset[31]_i_1_n_9                                                                              | hw_acc_i/scalar_sha256/inst/grp_sha256_final_fu_260/grp_sha256_transform_fu_494/SS[0]                                                  |                5 |             32 |
|  hw_acc_i/processing_system7_0/inst/FCLK_CLK0 | hw_acc_i/scalar_sha256/inst/sha256_AXILiteS_s_axi_U/int_bytes[31]_i_1_n_9                                                                                    | hw_acc_i/scalar_sha256/inst/grp_sha256_final_fu_260/grp_sha256_transform_fu_494/SS[0]                                                  |                5 |             32 |
|  hw_acc_i/processing_system7_0/inst/FCLK_CLK0 | hw_acc_i/scalar_sha256/inst/sha256_AXILiteS_s_axi_U/E[0]                                                                                                     | hw_acc_i/scalar_sha256/inst/ap_reg_grp_sha256_update_fu_279_ap_start1                                                                  |                6 |             32 |
|  hw_acc_i/processing_system7_0/inst/FCLK_CLK0 | hw_acc_i/scalar_sha256/inst/grp_sha256_final_fu_260/grp_sha256_transform_fu_494/ap_CS_fsm_state10                                                            |                                                                                                                                        |                8 |             32 |
|  hw_acc_i/processing_system7_0/inst/FCLK_CLK0 | hw_acc_i/scalar_sha256/inst/grp_sha256_final_fu_260/grp_sha256_transform_fu_494/ap_CS_fsm_state7                                                             |                                                                                                                                        |                8 |             32 |
|  hw_acc_i/processing_system7_0/inst/FCLK_CLK0 | hw_acc_i/scalar_sha256/inst/grp_sha256_final_fu_260/grp_sha256_transform_fu_494/reg_4300                                                                     |                                                                                                                                        |                5 |             32 |
|  hw_acc_i/processing_system7_0/inst/FCLK_CLK0 | hw_acc_i/ps7_0_axi_periph/xbar/inst/gen_sasd.crossbar_sasd_0/reg_slice_r/aa_rready                                                                           |                                                                                                                                        |               10 |             32 |
|  hw_acc_i/processing_system7_0/inst/FCLK_CLK0 | hw_acc_i/scalar_sha256/inst/grp_sha256_final_fu_260/ap_NS_fsm[4]                                                                                             |                                                                                                                                        |                8 |             32 |
|  hw_acc_i/processing_system7_0/inst/FCLK_CLK0 | hw_acc_i/scalar_sha256/inst/grp_sha256_final_fu_260/ap_NS_fsm[1]                                                                                             |                                                                                                                                        |                8 |             32 |
|  hw_acc_i/processing_system7_0/inst/FCLK_CLK0 | hw_acc_i/scalar_sha256/inst/grp_sha256_update_fu_279/ctx_datalen_fu_56[31]_i_1_n_9                                                                           | hw_acc_i/scalar_sha256/inst/grp_sha256_update_fu_279/ap_CS_fsm_state4                                                                  |               11 |             32 |
|  hw_acc_i/processing_system7_0/inst/FCLK_CLK0 | hw_acc_i/scalar_sha256/inst/ap_CS_fsm_state2                                                                                                                 |                                                                                                                                        |               12 |             32 |
|  hw_acc_i/processing_system7_0/inst/FCLK_CLK0 | hw_acc_i/scalar_sha256/inst/ram_reg_i_100_n_9                                                                                                                |                                                                                                                                        |                8 |             32 |
|  hw_acc_i/processing_system7_0/inst/FCLK_CLK0 | hw_acc_i/scalar_sha256/inst/rdata_reg[31]_i_9_n_9                                                                                                            |                                                                                                                                        |                9 |             32 |
|  hw_acc_i/processing_system7_0/inst/FCLK_CLK0 | hw_acc_i/scalar_sha256/inst/rdata_reg[31]_i_8_n_9                                                                                                            |                                                                                                                                        |                9 |             32 |
|  hw_acc_i/processing_system7_0/inst/FCLK_CLK0 | hw_acc_i/scalar_sha256/inst/grp_sha256_update_fu_279/grp_sha256_transform_fu_208/ap_CS_fsm_state7                                                            |                                                                                                                                        |                8 |             32 |
|  hw_acc_i/processing_system7_0/inst/FCLK_CLK0 | hw_acc_i/scalar_sha256/inst/grp_sha256_update_fu_279/grp_sha256_transform_fu_208/ap_CS_fsm_state6                                                            |                                                                                                                                        |                7 |             32 |
|  hw_acc_i/processing_system7_0/inst/FCLK_CLK0 | hw_acc_i/scalar_sha256/inst/grp_sha256_update_fu_279/grp_sha256_transform_fu_208/ap_CS_fsm_state10                                                           |                                                                                                                                        |                8 |             32 |
|  hw_acc_i/processing_system7_0/inst/FCLK_CLK0 | hw_acc_i/scalar_sha256/inst/grp_sha256_update_fu_279/grp_sha256_transform_fu_208/reg_4300                                                                    |                                                                                                                                        |                5 |             32 |
|  hw_acc_i/processing_system7_0/inst/FCLK_CLK0 | hw_acc_i/scalar_sha256/inst/grp_sha256_update_fu_279/grp_sha256_transform_fu_208/ctx_bitlen_1_fu_92_reg[0][0]                                                |                                                                                                                                        |               10 |             32 |
|  hw_acc_i/processing_system7_0/inst/FCLK_CLK0 | hw_acc_i/ps7_0_axi_periph/s00_couplers/auto_pc/inst/gen_axilite.gen_b2s_conv.axilite_b2s/RD.r_channel_0/rd_data_fifo_0/wr_en0                                |                                                                                                                                        |                9 |             34 |
|  hw_acc_i/processing_system7_0/inst/FCLK_CLK0 | hw_acc_i/ps7_0_axi_periph/xbar/inst/gen_sasd.crossbar_sasd_0/addr_arbiter_inst/E[0]                                                                          |                                                                                                                                        |               11 |             35 |
|  hw_acc_i/processing_system7_0/inst/FCLK_CLK0 | hw_acc_i/ps7_0_axi_periph/s00_couplers/auto_pc/inst/gen_axilite.gen_b2s_conv.axilite_b2s/SI_REG/r.r_pipe/skid_buffer_reg[0]_0                                |                                                                                                                                        |                8 |             47 |
|  hw_acc_i/processing_system7_0/inst/FCLK_CLK0 | hw_acc_i/ps7_0_axi_periph/s00_couplers/auto_pc/inst/gen_axilite.gen_b2s_conv.axilite_b2s/SI_REG/r.r_pipe/p_1_in                                              |                                                                                                                                        |                9 |             47 |
|  hw_acc_i/processing_system7_0/inst/FCLK_CLK0 | hw_acc_i/ps7_0_axi_periph/s00_couplers/auto_pc/inst/gen_axilite.gen_b2s_conv.axilite_b2s/SI_REG/ar.ar_pipe/s_axi_arready                                     |                                                                                                                                        |               10 |             48 |
|  hw_acc_i/processing_system7_0/inst/FCLK_CLK0 | hw_acc_i/ps7_0_axi_periph/s00_couplers/auto_pc/inst/gen_axilite.gen_b2s_conv.axilite_b2s/SI_REG/aw.aw_pipe/s_axi_awready                                     |                                                                                                                                        |                8 |             48 |
|  hw_acc_i/processing_system7_0/inst/FCLK_CLK0 | hw_acc_i/ps7_0_axi_periph/s00_couplers/auto_pc/inst/gen_axilite.gen_b2s_conv.axilite_b2s/RD.ar_channel_0/ar_cmd_fsm_0/m_payload_i_reg[0]_1[0]                |                                                                                                                                        |                9 |             48 |
|  hw_acc_i/processing_system7_0/inst/FCLK_CLK0 | hw_acc_i/ps7_0_axi_periph/s00_couplers/auto_pc/inst/gen_axilite.gen_b2s_conv.axilite_b2s/WR.aw_channel_0/aw_cmd_fsm_0/m_payload_i_reg[0][0]                  |                                                                                                                                        |                8 |             48 |
|  hw_acc_i/processing_system7_0/inst/FCLK_CLK0 | hw_acc_i/scalar_sha256/inst/grp_sha256_final_fu_260/ap_NS_fsm[5]                                                                                             |                                                                                                                                        |               14 |             48 |
|  hw_acc_i/processing_system7_0/inst/FCLK_CLK0 | hw_acc_i/scalar_sha256/inst/grp_sha256_final_fu_260/ap_NS_fsm[11]                                                                                            |                                                                                                                                        |               20 |             52 |
|  hw_acc_i/processing_system7_0/inst/FCLK_CLK0 |                                                                                                                                                              | hw_acc_i/ps7_0_axi_periph/s00_couplers/auto_pc/inst/gen_axilite.gen_b2s_conv.axilite_b2s/areset_d1                                     |               15 |             59 |
|  hw_acc_i/processing_system7_0/inst/FCLK_CLK0 | hw_acc_i/scalar_sha256/inst/grp_sha256_update_fu_279/grp_sha256_transform_fu_208/tmp10_reg_1227[31]_i_1__0_n_9                                               |                                                                                                                                        |               19 |             64 |
|  hw_acc_i/processing_system7_0/inst/FCLK_CLK0 | hw_acc_i/scalar_sha256/inst/grp_sha256_final_fu_260/grp_sha256_transform_fu_494/tmp10_reg_1227[31]_i_1_n_9                                                   |                                                                                                                                        |               23 |             64 |
|  hw_acc_i/processing_system7_0/inst/FCLK_CLK0 |                                                                                                                                                              |                                                                                                                                        |               56 |            159 |
|  hw_acc_i/processing_system7_0/inst/FCLK_CLK0 | hw_acc_i/scalar_sha256/inst/grp_sha256_update_fu_279/grp_sha256_transform_fu_208/h_reg_343                                                                   |                                                                                                                                        |               52 |            256 |
|  hw_acc_i/processing_system7_0/inst/FCLK_CLK0 | hw_acc_i/scalar_sha256/inst/grp_sha256_final_fu_260/grp_sha256_transform_fu_494/h_reg_343                                                                    |                                                                                                                                        |              105 |            256 |
|  hw_acc_i/processing_system7_0/inst/FCLK_CLK0 | hw_acc_i/scalar_sha256/inst/grp_sha256_final_fu_260/grp_sha256_transform_fu_494/E[0]                                                                         |                                                                                                                                        |               43 |            256 |
|  hw_acc_i/processing_system7_0/inst/FCLK_CLK0 | hw_acc_i/scalar_sha256/inst/grp_sha256_final_fu_260/ctx_state_reg_402                                                                                        |                                                                                                                                        |               61 |            256 |
|  hw_acc_i/processing_system7_0/inst/FCLK_CLK0 | hw_acc_i/scalar_sha256/inst/grp_sha256_update_fu_279/ap_CS_fsm_state4                                                                                        |                                                                                                                                        |               66 |            256 |
|  hw_acc_i/processing_system7_0/inst/FCLK_CLK0 | hw_acc_i/scalar_sha256/inst/grp_sha256_update_fu_279/grp_sha256_transform_fu_208/ctx_state_fu_88                                                             |                                                                                                                                        |               81 |            280 |
|  hw_acc_i/processing_system7_0/inst/FCLK_CLK0 | hw_acc_i/scalar_sha256/inst/grp_sha256_update_fu_279/ap_NS_fsm[0]                                                                                            | hw_acc_i/scalar_sha256/inst/grp_sha256_update_fu_279/sha256ctx_state_7_2_fu_138_reg[1]_0                                               |               91 |            344 |
|  hw_acc_i/processing_system7_0/inst/FCLK_CLK0 | hw_acc_i/scalar_sha256/inst/ap_reg_grp_sha256_update_fu_279_ap_start1                                                                                        |                                                                                                                                        |               95 |            344 |
|  hw_acc_i/processing_system7_0/inst/FCLK_CLK0 | hw_acc_i/scalar_sha256/inst/reg_457[31]_i_1_n_9                                                                                                              |                                                                                                                                        |               88 |            344 |
|  hw_acc_i/processing_system7_0/inst/FCLK_CLK0 |                                                                                                                                                              | hw_acc_i/scalar_sha256/inst/grp_sha256_final_fu_260/grp_sha256_transform_fu_494/SS[0]                                                  |              164 |            593 |
+-----------------------------------------------+--------------------------------------------------------------------------------------------------------------------------------------------------------------+----------------------------------------------------------------------------------------------------------------------------------------+------------------+----------------+


+--------+-----------------------+
| Fanout | Number of ControlSets |
+--------+-----------------------+
| 2      |                     3 |
| 4      |                     6 |
| 5      |                     4 |
| 6      |                     7 |
| 7      |                    11 |
| 8      |                     7 |
| 9      |                     2 |
| 10     |                     1 |
| 11     |                     1 |
| 12     |                     4 |
| 13     |                     1 |
| 14     |                     2 |
| 16+    |                    52 |
+--------+-----------------------+


