

================================================================
== Vivado HLS Report for 'sha256'
================================================================
* Date:           Mon Jan 28 14:26:57 2019

* Version:        2017.4 (Build 2086221 on Fri Dec 15 21:13:33 MST 2017)
* Project:        sha256_acc2
* Solution:       acc256
* Product family: zynq
* Target device:  xc7z020clg400-1


================================================================
== Performance Estimates
================================================================
+ Timing (ns): 
    * Summary: 
    +--------+-------+----------+------------+
    |  Clock | Target| Estimated| Uncertainty|
    +--------+-------+----------+------------+
    |ap_clk  |  10.00|      8.52|        1.25|
    +--------+-------+----------+------------+

+ Latency (clock cycles): 
    * Summary: 
    +-----+-----+-----+-----+---------+
    |  Latency  |  Interval | Pipeline|
    | min | max | min | max |   Type  |
    +-----+-----+-----+-----+---------+
    |    ?|    ?|    ?|    ?|   none  |
    +-----+-----+-----+-----+---------+

    + Detail: 
        * Instance: 
        +--------------------------+---------------+-----+-------+-----+-------+---------+
        |                          |               |   Latency   |   Interval  | Pipeline|
        |         Instance         |     Module    | min |  max  | min |  max  |   Type  |
        +--------------------------+---------------+-----+-------+-----+-------+---------+
        |grp_sha256_final_fu_260   |sha256_final   |    ?|      ?|    ?|      ?|   none  |
        |grp_sha256_update_fu_279  |sha256_update  |    1|  28097|    1|  28097|   none  |
        +--------------------------+---------------+-----+-------+-----+-------+---------+

        * Loop: 
        +-------------+-----+-----+-----------+-----------+-----------+--------+----------+
        |             |  Latency  | Iteration |  Initiation Interval  |  Trip  |          |
        |  Loop Name  | min | max |  Latency  |  achieved |   target  |  Count | Pipelined|
        +-------------+-----+-----+-----------+-----------+-----------+--------+----------+
        |- Loop 1     |    ?|    ?| 4 ~ 28228 |          -|          -|       ?|    no    |
        | + Loop 1.1  |  128|  128|          2|          -|          -|      64|    no    |
        | + Loop 1.2  |    0|  126|          2|          -|          -| 0 ~ 63 |    no    |
        |- Loop 2     |   64|   64|          2|          -|          -|      32|    no    |
        +-------------+-----+-----+-----------+-----------+-----------+--------+----------+



================================================================
== Utilization Estimates
================================================================
* Summary: 
+-----------------+---------+-------+--------+-------+
|       Name      | BRAM_18K| DSP48E|   FF   |  LUT  |
+-----------------+---------+-------+--------+-------+
|DSP              |        -|      -|       -|      -|
|Expression       |        -|      -|       0|    247|
|FIFO             |        -|      -|       -|      -|
|Instance         |       10|      -|    3182|   5752|
|Memory           |        2|      -|       0|      0|
|Multiplexer      |        -|      -|       -|    596|
|Register         |        -|      -|    1229|      -|
+-----------------+---------+-------+--------+-------+
|Total            |       12|      0|    4411|   6595|
+-----------------+---------+-------+--------+-------+
|Available        |      280|    220|  106400|  53200|
+-----------------+---------+-------+--------+-------+
|Utilization (%)  |        4|      0|       4|     12|
+-----------------+---------+-------+--------+-------+

+ Detail: 
    * Instance: 
    +--------------------------+-----------------------+---------+-------+------+------+
    |         Instance         |         Module        | BRAM_18K| DSP48E|  FF  |  LUT |
    +--------------------------+-----------------------+---------+-------+------+------+
    |sha256_AXILiteS_s_axi_U   |sha256_AXILiteS_s_axi  |        4|      0|   272|   308|
    |grp_sha256_final_fu_260   |sha256_final           |        3|      0|  1491|  3442|
    |grp_sha256_update_fu_279  |sha256_update          |        3|      0|  1419|  2002|
    +--------------------------+-----------------------+---------+-------+------+------+
    |Total                     |                       |       10|      0|  3182|  5752|
    +--------------------------+-----------------------+---------+-------+------+------+

    * DSP48: 
    N/A

    * Memory: 
    +------------------+----------------------+---------+---+----+------+-----+------+-------------+
    |      Memory      |        Module        | BRAM_18K| FF| LUT| Words| Bits| Banks| W*Bits*Banks|
    +------------------+----------------------+---------+---+----+------+-----+------+-------------+
    |seg_buf_U         |sha256_seg_buf        |        1|  0|   0|    64|    8|     1|          512|
    |sha256ctx_data_U  |sha256_sha256ctx_bkb  |        1|  0|   0|    64|    8|     1|          512|
    +------------------+----------------------+---------+---+----+------+-----+------+-------------+
    |Total             |                      |        2|  0|   0|   128|   16|     2|         1024|
    +------------------+----------------------+---------+---+----+------+-----+------+-------------+

    * FIFO: 
    N/A

    * Expression: 
    +---------------------------------+----------+-------+---+----+------------+------------+
    |          Variable Name          | Operation| DSP48E| FF| LUT| Bitwidth P0| Bitwidth P1|
    +---------------------------------+----------+-------+---+----+------------+------------+
    |i_7_fu_627_p2                    |     +    |      0|  0|  15|           7|           1|
    |i_8_fu_687_p2                    |     +    |      0|  0|  15|           6|           1|
    |i_fu_728_p2                      |     +    |      0|  0|  15|           6|           1|
    |n_1_fu_652_p2                    |     +    |      0|  0|  39|          32|           8|
    |seg_offset_1_fu_667_p2           |     +    |      0|  0|  39|          32|           7|
    |sum2_fu_702_p2                   |     +    |      0|  0|  10|          10|          10|
    |sum_fu_642_p2                    |     +    |      0|  0|  10|          10|          10|
    |tmp1_fu_637_p2                   |     +    |      0|  0|  10|          10|          10|
    |tmp2_fu_697_p2                   |     +    |      0|  0|  10|          10|          10|
    |exitcond4_fu_682_p2              |   icmp   |      0|  0|  18|          32|          32|
    |exitcond5_fu_621_p2              |   icmp   |      0|  0|  11|           7|           8|
    |exitcond_fu_722_p2               |   icmp   |      0|  0|  11|           6|           7|
    |icmp_fu_611_p2                   |   icmp   |      0|  0|  18|          26|           1|
    |tmp_s_fu_595_p2                  |   icmp   |      0|  0|  18|          32|           1|
    |ap_block_state5_on_subcall_done  |    or    |      0|  0|   8|           1|           1|
    +---------------------------------+----------+-------+---+----+------------+------------+
    |Total                            |          |      0|  0| 247|         227|         108|
    +---------------------------------+----------+-------+---+----+------------+------------+

    * Multiplexer: 
    +-------------------------------------------+----+-----------+-----+-----------+
    |                    Name                   | LUT| Input Size| Bits| Total Bits|
    +-------------------------------------------+----+-----------+-----+-----------+
    |ap_NS_fsm                                  |  50|         11|    1|         11|
    |data_address0                              |  15|          3|    8|         24|
    |grp_sha256_update_fu_279_ctx_datalen_read  |  15|          3|   32|         96|
    |grp_sha256_update_fu_279_len               |  15|          3|   32|         96|
    |grp_sha256_update_fu_279_p_read1           |  15|          3|   32|         96|
    |grp_sha256_update_fu_279_p_read10          |  15|          3|   32|         96|
    |grp_sha256_update_fu_279_p_read2           |  15|          3|   32|         96|
    |grp_sha256_update_fu_279_p_read3           |  15|          3|   32|         96|
    |grp_sha256_update_fu_279_p_read4           |  15|          3|   32|         96|
    |grp_sha256_update_fu_279_p_read5           |  15|          3|   32|         96|
    |grp_sha256_update_fu_279_p_read6           |  15|          3|   32|         96|
    |grp_sha256_update_fu_279_p_read7           |  15|          3|   32|         96|
    |grp_sha256_update_fu_279_p_read8           |  15|          3|   32|         96|
    |grp_sha256_update_fu_279_p_read9           |  15|          3|   32|         96|
    |i9_reg_225                                 |   9|          2|    7|         14|
    |i_1_reg_237                                |   9|          2|    6|         12|
    |i_2_reg_249                                |   9|          2|    6|         12|
    |n_fu_94                                    |  15|          3|   32|         96|
    |seg_buf_address0                           |  33|          6|    6|         36|
    |seg_buf_ce0                                |  21|          4|    1|          4|
    |seg_buf_ce1                                |   9|          2|    1|          2|
    |seg_buf_d0                                 |  15|          3|    8|         24|
    |seg_buf_we0                                |  15|          3|    1|          3|
    |seg_buf_we1                                |   9|          2|    1|          2|
    |seg_offset_fu_142                          |   9|          2|   32|         64|
    |sha256ctx_bitlen_0_2_fu_102                |   9|          2|   32|         64|
    |sha256ctx_bitlen_1_2_fu_106                |   9|          2|   32|         64|
    |sha256ctx_data_address0                    |  15|          3|    6|         18|
    |sha256ctx_data_address1                    |  15|          3|    6|         18|
    |sha256ctx_data_ce0                         |  15|          3|    1|          3|
    |sha256ctx_data_ce1                         |  15|          3|    1|          3|
    |sha256ctx_data_d0                          |  15|          3|    8|         24|
    |sha256ctx_data_we0                         |  15|          3|    1|          3|
    |sha256ctx_data_we1                         |   9|          2|    1|          2|
    |sha256ctx_datalen_fu_98                    |   9|          2|   32|         64|
    |sha256ctx_state_0_2_fu_110                 |   9|          2|   32|         64|
    |sha256ctx_state_1_2_fu_114                 |   9|          2|   32|         64|
    |sha256ctx_state_2_2_fu_118                 |   9|          2|   32|         64|
    |sha256ctx_state_3_2_fu_122                 |   9|          2|   32|         64|
    |sha256ctx_state_4_2_fu_126                 |   9|          2|   32|         64|
    |sha256ctx_state_5_2_fu_130                 |   9|          2|   32|         64|
    |sha256ctx_state_6_2_fu_134                 |   9|          2|   32|         64|
    |sha256ctx_state_7_2_fu_138                 |   9|          2|   32|         64|
    +-------------------------------------------+----+-----------+-----+-----------+
    |Total                                      | 596|        123|  870|       2231|
    +-------------------------------------------+----+-----------+-----+-----------+

    * Register: 
    +------------------------------------------+----+----+-----+-----------+
    |                   Name                   | FF | LUT| Bits| Const Bits|
    +------------------------------------------+----+----+-----+-----------+
    |ap_CS_fsm                                 |  10|   0|   10|          0|
    |ap_reg_grp_sha256_final_fu_260_ap_start   |   1|   0|    1|          0|
    |ap_reg_grp_sha256_update_fu_279_ap_start  |   1|   0|    1|          0|
    |i9_reg_225                                |   7|   0|    7|          0|
    |i_1_reg_237                               |   6|   0|    6|          0|
    |i_2_reg_249                               |   6|   0|    6|          0|
    |i_7_reg_860                               |   7|   0|    7|          0|
    |i_8_reg_873                               |   6|   0|    6|          0|
    |i_reg_941                                 |   6|   0|    6|          0|
    |icmp_reg_847                              |   1|   0|    1|          0|
    |n_fu_94                                   |  32|   0|   32|          0|
    |n_load_reg_837                            |  32|   0|   32|          0|
    |reg_457                                   |  32|   0|   32|          0|
    |reg_463                                   |  32|   0|   32|          0|
    |reg_469                                   |  32|   0|   32|          0|
    |reg_475                                   |  32|   0|   32|          0|
    |reg_481                                   |  32|   0|   32|          0|
    |reg_487                                   |  32|   0|   32|          0|
    |reg_493                                   |  32|   0|   32|          0|
    |reg_499                                   |  32|   0|   32|          0|
    |reg_505                                   |  32|   0|   32|          0|
    |reg_511                                   |  32|   0|   32|          0|
    |reg_517                                   |  32|   0|   32|          0|
    |seg_offset_fu_142                         |  32|   0|   32|          0|
    |sha256ctx_bitlen_0_1_reg_888              |  32|   0|   32|          0|
    |sha256ctx_bitlen_0_2_fu_102               |  32|   0|   32|          0|
    |sha256ctx_bitlen_1_1_reg_893              |  32|   0|   32|          0|
    |sha256ctx_bitlen_1_2_fu_106               |  32|   0|   32|          0|
    |sha256ctx_datalen_fu_98                   |  32|   0|   32|          0|
    |sha256ctx_datalen_lo_1_reg_883            |  32|   0|   32|          0|
    |sha256ctx_state_0_2_2_reg_898             |  32|   0|   32|          0|
    |sha256ctx_state_0_2_fu_110                |  32|   0|   32|          0|
    |sha256ctx_state_1_2_2_reg_903             |  32|   0|   32|          0|
    |sha256ctx_state_1_2_fu_114                |  32|   0|   32|          0|
    |sha256ctx_state_2_2_2_reg_908             |  32|   0|   32|          0|
    |sha256ctx_state_2_2_fu_118                |  32|   0|   32|          0|
    |sha256ctx_state_3_2_2_reg_913             |  32|   0|   32|          0|
    |sha256ctx_state_3_2_fu_122                |  32|   0|   32|          0|
    |sha256ctx_state_4_2_2_reg_918             |  32|   0|   32|          0|
    |sha256ctx_state_4_2_fu_126                |  32|   0|   32|          0|
    |sha256ctx_state_5_2_2_reg_923             |  32|   0|   32|          0|
    |sha256ctx_state_5_2_fu_130                |  32|   0|   32|          0|
    |sha256ctx_state_6_2_2_reg_928             |  32|   0|   32|          0|
    |sha256ctx_state_6_2_fu_134                |  32|   0|   32|          0|
    |sha256ctx_state_7_2_2_reg_933             |  32|   0|   32|          0|
    |sha256ctx_state_7_2_fu_138                |  32|   0|   32|          0|
    |tmp_114_reg_946                           |   6|   0|   64|         58|
    |tmp_125_reg_851                           |  10|   0|   10|          0|
    |tmp_reg_831                               |  10|   0|   10|          0|
    +------------------------------------------+----+----+-----+-----------+
    |Total                                     |1229|   0| 1287|         58|
    +------------------------------------------+----+----+-----+-----------+



================================================================
== Interface
================================================================
* Summary: 
+------------------------+-----+-----+------------+--------------+--------------+
|        RTL Ports       | Dir | Bits|  Protocol  | Source Object|    C Type    |
+------------------------+-----+-----+------------+--------------+--------------+
|s_axi_AXILiteS_AWVALID  |  in |    1|    s_axi   |   AXILiteS   |     array    |
|s_axi_AXILiteS_AWREADY  | out |    1|    s_axi   |   AXILiteS   |     array    |
|s_axi_AXILiteS_AWADDR   |  in |   10|    s_axi   |   AXILiteS   |     array    |
|s_axi_AXILiteS_WVALID   |  in |    1|    s_axi   |   AXILiteS   |     array    |
|s_axi_AXILiteS_WREADY   | out |    1|    s_axi   |   AXILiteS   |     array    |
|s_axi_AXILiteS_WDATA    |  in |   32|    s_axi   |   AXILiteS   |     array    |
|s_axi_AXILiteS_WSTRB    |  in |    4|    s_axi   |   AXILiteS   |     array    |
|s_axi_AXILiteS_ARVALID  |  in |    1|    s_axi   |   AXILiteS   |     array    |
|s_axi_AXILiteS_ARREADY  | out |    1|    s_axi   |   AXILiteS   |     array    |
|s_axi_AXILiteS_ARADDR   |  in |   10|    s_axi   |   AXILiteS   |     array    |
|s_axi_AXILiteS_RVALID   | out |    1|    s_axi   |   AXILiteS   |     array    |
|s_axi_AXILiteS_RREADY   |  in |    1|    s_axi   |   AXILiteS   |     array    |
|s_axi_AXILiteS_RDATA    | out |   32|    s_axi   |   AXILiteS   |     array    |
|s_axi_AXILiteS_RRESP    | out |    2|    s_axi   |   AXILiteS   |     array    |
|s_axi_AXILiteS_BVALID   | out |    1|    s_axi   |   AXILiteS   |     array    |
|s_axi_AXILiteS_BREADY   |  in |    1|    s_axi   |   AXILiteS   |     array    |
|s_axi_AXILiteS_BRESP    | out |    2|    s_axi   |   AXILiteS   |     array    |
|ap_clk                  |  in |    1| ap_ctrl_hs |    sha256    | return value |
|ap_rst_n                |  in |    1| ap_ctrl_hs |    sha256    | return value |
|interrupt               | out |    1| ap_ctrl_hs |    sha256    | return value |
+------------------------+-----+-----+------------+--------------+--------------+

